proguard/seeds.txt
com.miruker.lib.mailtransferservice.LabelResult
com.miruker.lib.mailtransferservice.LabelResult: android.os.Parcelable$Creator CREATOR
com.miruker.lib.mailtransferservice.R$drawable: int ic_launcher
com.miruker.lib.mailtransferservice.R$drawable: int ic_stat_big
com.miruker.lib.mailtransferservice.R$drawable: int ic_stat_small
com.miruker.lib.mailtransferservice.R$string: int app_name
com.miruker.lib.mailtransferservice.R$string: int mesNotification
com.miruker.lib.mailtransferservice.R$string: int mesTitle
com.miruker.lib.mailtransferservice.R$style: int AppBaseTheme
com.miruker.lib.mailtransferservice.R$style: int AppTheme
com.miruker.lib.mailtransferservice.RemoteService
com.miruker.lib.mailtransferservice.RemoteService: RemoteService()
com.miruker.lib.mailtransferservice.ServerInfo
com.miruker.lib.mailtransferservice.ServerInfo: android.os.Parcelable$Creator CREATOR
com.miruker.lib.mailtransferservice.TransferFolderResult
com.miruker.lib.mailtransferservice.TransferFolderResult: android.os.Parcelable$Creator CREATOR
...
javax.mail.search.SizeTerm
javax.mail.search.SizeTerm: long serialVersionUID
javax.mail.search.SizeTerm: SizeTerm(int,int)
javax.mail.search.SizeTerm: boolean match(javax.mail.Message)
javax.mail.search.SizeTerm: boolean equals(java.lang.Object)
javax.mail.search.StringTerm
javax.mail.search.StringTerm: java.lang.String pattern
javax.mail.search.StringTerm: boolean ignoreCase
javax.mail.search.StringTerm: long serialVersionUID
javax.mail.search.StringTerm: StringTerm(java.lang.String)
javax.mail.search.StringTerm: StringTerm(java.lang.String,boolean)
javax.mail.search.StringTerm: java.lang.String getPattern()
javax.mail.search.StringTerm: boolean getIgnoreCase()
javax.mail.search.StringTerm: boolean match(java.lang.String)
javax.mail.search.StringTerm: boolean equals(java.lang.Object)
javax.mail.search.StringTerm: int hashCode()
javax.mail.search.SubjectTerm
javax.mail.search.SubjectTerm: long serialVersionUID
javax.mail.search.SubjectTerm: SubjectTerm(java.lang.String)
javax.mail.search.SubjectTerm: boolean match(javax.mail.Message)
javax.mail.search.SubjectTerm: boolean equals(java.lang.Object)
javax.mail.util.ByteArrayDataSource
javax.mail.util.ByteArrayDataSource: byte[] data
javax.mail.util.ByteArrayDataSource: int len
javax.mail.util.ByteArrayDataSource: java.lang.String type
javax.mail.util.ByteArrayDataSource: java.lang.String name
javax.mail.util.ByteArrayDataSource: ByteArrayDataSource(java.io.InputStream,java.lang.String)
javax.mail.util.ByteArrayDataSource: ByteArrayDataSource(byte[],java.lang.String)
javax.mail.util.ByteArrayDataSource: ByteArrayDataSource(java.lang.String,java.lang.String)
javax.mail.util.ByteArrayDataSource: java.io.InputStream getInputStream()
javax.mail.util.ByteArrayDataSource: java.io.OutputStream getOutputStream()
javax.mail.util.ByteArrayDataSource: java.lang.String getContentType()
javax.mail.util.ByteArrayDataSource: java.lang.String getName()
javax.mail.util.ByteArrayDataSource: void setName(java.lang.String)
javax.mail.util.ByteArrayDataSource$DSByteArrayOutputStream
javax.mail.util.ByteArrayDataSource$DSByteArrayOutputStream: ByteArrayDataSource$DSByteArrayOutputStream()
javax.mail.util.ByteArrayDataSource$DSByteArrayOutputStream: byte[] getBuf()
javax.mail.util.ByteArrayDataSource$DSByteArrayOutputStream: int getCount()
javax.mail.util.SharedByteArrayInputStream
javax.mail.util.SharedByteArrayInputStream: int start
javax.mail.util.SharedByteArrayInputStream: SharedByteArrayInputStream(byte[])
javax.mail.util.SharedByteArrayInputStream: SharedByteArrayInputStream(byte[],int,int)
javax.mail.util.SharedByteArrayInputStream: long getPosition()
javax.mail.util.SharedByteArrayInputStream: java.io.InputStream newStream(long,long)