proguard/mapping.txt
com.miruker.lib.mailtransferservice.IMailTransfer -> com.miruker.lib.mailtransferservice.a:
    int getAppVersion() -> a
    com.miruker.lib.mailtransferservice.TransferFolderResult transferFolder(com.miruker.lib.mailtransferservice.ServerInfo,java.lang.String,com.miruker.lib.mailtransferservice.ServerInfo,java.lang.String,java.lang.String,boolean,boolean,java.lang.String,boolean) -> a
    boolean isTransferProcessActive() -> b
    com.miruker.lib.mailtransferservice.LabelResult getLabels(com.miruker.lib.mailtransferservice.ServerInfo) -> a
    java.lang.String login(com.miruker.lib.mailtransferservice.ServerInfo) -> b
    boolean taskCancel() -> c
com.miruker.lib.mailtransferservice.IMailTransfer$Stub -> com.miruker.lib.mailtransferservice.b:
    34:34:android.os.IBinder asBinder() -> asBinder
    38:148:boolean onTransact(int,android.os.Parcel,android.os.Parcel,int) -> onTransact
com.miruker.lib.mailtransferservice.LabelResult -> com.miruker.lib.mailtransferservice.LabelResult:
    int result_code -> a
    java.util.List labels -> b
    java.lang.String message -> c
    android.os.Parcelable$Creator CREATOR -> CREATOR
    22:22:int describeContents() -> describeContents
    26:29:void writeToParcel(android.os.Parcel,int) -> writeToParcel
    12:12:int getResult_code() -> a
    12:12:java.util.List getLabels() -> b
    12:12:java.lang.String getMessage() -> c
    12:12:boolean equals(java.lang.Object) -> equals
    12:12:boolean canEqual(java.lang.Object) -> a
    12:12:int hashCode() -> hashCode
    12:12:java.lang.String toString() -> toString
com.miruker.lib.mailtransferservice.LabelResult$1 -> com.miruker.lib.mailtransferservice.c:
    35:35:com.miruker.lib.mailtransferservice.LabelResult[] newArray(int) -> a
    40:40:com.miruker.lib.mailtransferservice.LabelResult createFromParcel(android.os.Parcel) -> a
    1:1:java.lang.Object createFromParcel(android.os.Parcel) -> createFromParcel
    1:1:java.lang.Object[] newArray(int) -> newArray
com.miruker.lib.mailtransferservice.RemoteService -> com.miruker.lib.mailtransferservice.RemoteService:
    com.miruker.lib.mailtransferservice.IMailTransfer$Stub mBinder -> a
    50:50:android.os.IBinder onBind(android.content.Intent) -> onBind
    55:56:void onCreate() -> onCreate
    61:62:void onDestroy() -> onDestroy
com.miruker.lib.mailtransferservice.RemoteService$1 -> com.miruker.lib.mailtransferservice.d:
    boolean mIsTaskRunning -> b
    boolean mIsCanceld -> c
    com.miruker.lib.mailtransferservice.RemoteService this$0 -> a
    71:79:int getAppVersion() -> a
    89:96:com.miruker.lib.mailtransferservice.TransferFolderResult transferFolder(com.miruker.lib.mailtransferservice.ServerInfo,java.lang.String,com.miruker.lib.mailtransferservice.ServerInfo,java.lang.String,java.lang.String,boolean,boolean,java.lang.String,boolean) -> a
    103:103:boolean isTransferProcessActive() -> b
    108:108:com.miruker.lib.mailtransferservice.LabelResult getLabels(com.miruker.lib.mailtransferservice.ServerInfo) -> a
    113:113:java.lang.String login(com.miruker.lib.mailtransferservice.ServerInfo) -> b
    118:119:boolean taskCancel() -> c
    128:270:com.miruker.lib.mailtransferservice.TransferFolderResult transferMailProc(com.miruker.lib.mailtransferservice.ServerInfo,java.lang.String,com.miruker.lib.mailtransferservice.ServerInfo,java.lang.String,java.lang.String,boolean,boolean,java.lang.String,boolean) -> b
com.miruker.lib.mailtransferservice.RemoteService$1$1 -> com.miruker.lib.mailtransferservice.e:
    com.miruker.lib.mailtransferservice.RemoteService$1 this$1 -> a
    java.lang.String val$filterTargetDate -> b
    boolean val$isFilterTargetSeenFlg -> c
    161:190:boolean match(javax.mail.Message) -> match
...
javax.mail.event.MessageCountEvent -> javax.mail.event.MessageCountEvent:
    int ADDED -> ADDED
    int REMOVED -> REMOVED
    int type -> type
    boolean removed -> removed
    javax.mail.Message[] msgs -> msgs
    long serialVersionUID -> serialVersionUID
    119:119:int getType() -> getType
    134:134:boolean isRemoved() -> isRemoved
    142:142:javax.mail.Message[] getMessages() -> getMessages
    149:153:void dispatch(java.lang.Object) -> dispatch
javax.mail.event.MessageCountListener -> javax.mail.event.MessageCountListener:
    void messagesAdded(javax.mail.event.MessageCountEvent) -> messagesAdded
    void messagesRemoved(javax.mail.event.MessageCountEvent) -> messagesRemoved
javax.mail.event.StoreEvent -> javax.mail.event.StoreEvent:
    int ALERT -> ALERT
    int NOTICE -> NOTICE
    int type -> type
    java.lang.String message -> message
    long serialVersionUID -> serialVersionUID
    101:101:int getMessageType() -> getMessageType
    110:110:java.lang.String getMessage() -> getMessage
    117:118:void dispatch(java.lang.Object) -> dispatch
javax.mail.event.StoreListener -> javax.mail.event.StoreListener:
    void notification(javax.mail.event.StoreEvent) -> notification
javax.mail.event.TransportAdapter -> javax.mail.event.TransportAdapter:
    52:52:void messageDelivered(javax.mail.event.TransportEvent) -> messageDelivered
    53:53:void messageNotDelivered(javax.mail.event.TransportEvent) -> messageNotDelivered
    54:54:void messagePartiallyDelivered(javax.mail.event.TransportEvent) -> messagePartiallyDelivered
javax.mail.event.TransportEvent -> javax.mail.event.TransportEvent:
    int MESSAGE_DELIVERED -> MESSAGE_DELIVERED
    int MESSAGE_NOT_DELIVERED -> MESSAGE_NOT_DELIVERED
    int MESSAGE_PARTIALLY_DELIVERED -> MESSAGE_PARTIALLY_DELIVERED
    int type -> type
    javax.mail.Address[] validSent -> validSent
    javax.mail.Address[] validUnsent -> validUnsent
    javax.mail.Address[] invalid -> invalid
    javax.mail.Message msg -> msg
    long serialVersionUID -> serialVersionUID
    116:116:int getType() -> getType
    124:124:javax.mail.Address[] getValidSentAddresses() -> getValidSentAddresses
    134:134:javax.mail.Address[] getValidUnsentAddresses() -> getValidUnsentAddresses
    142:142:javax.mail.Address[] getInvalidAddresses() -> getInvalidAddresses
    152:152:javax.mail.Message getMessage() -> getMessage
    159:165:void dispatch(java.lang.Object) -> dispatch
javax.mail.event.TransportListener -> javax.mail.event.TransportListener:
    void messageDelivered(javax.mail.event.TransportEvent) -> messageDelivered
    void messageNotDelivered(javax.mail.event.TransportEvent) -> messageNotDelivered
    void messagePartiallyDelivered(javax.mail.event.TransportEvent) -> messagePartiallyDelivered
javax.mail.internet.AddressException -> javax.mail.internet.AddressException:
    java.lang.String ref -> ref
    int pos -> pos
    long serialVersionUID -> serialVersionUID
    110:110:java.lang.String getRef() -> getRef
    118:118:int getPos() -> getPos
    122:128:java.lang.String toString() -> toString
javax.mail.internet.AsciiOutputStream -> javax.mail.internet.AsciiOutputStream:
    boolean breakOnNonAscii -> breakOnNonAscii
    int ascii -> ascii
    int non_ascii -> non_ascii
    int linelen -> linelen
    boolean longLine -> longLine
    boolean badEOL -> badEOL
    boolean checkEOL -> checkEOL
    int lastb -> lastb
    int ret -> ret
    1517:1518:void write(int) -> write
    1521:1522:void write(byte[]) -> write
    1525:1528:void write(byte[],int,int) -> write
    1531:1551:void check(int) -> check
    1557:1574:int getAscii() -> getAscii